[debug] [2025-06-16T21:39:56.265Z] ----------------------------------------------------------------------
[debug] [2025-06-16T21:39:56.265Z] Command:       /Users/taehoonkang/.nvm/versions/node/v18.20.5/bin/node /Users/taehoonkang/.nvm/versions/node/v18.20.5/bin/firebase deploy --only functions
[debug] [2025-06-16T21:39:56.266Z] CLI Version:   13.35.1
[debug] [2025-06-16T21:39:56.266Z] Platform:      darwin
[debug] [2025-06-16T21:39:56.266Z] Node Version:  v18.20.5
[debug] [2025-06-16T21:39:56.266Z] Time:          Mon Jun 16 2025 16:39:56 GMT-0500 (Central Daylight Time)
[debug] [2025-06-16T21:39:56.266Z] ----------------------------------------------------------------------
[debug] 
[debug] [2025-06-16T21:39:56.359Z] > command requires scopes: ["email","openid","https://www.googleapis.com/auth/cloudplatformprojects.readonly","https://www.googleapis.com/auth/firebase","https://www.googleapis.com/auth/cloud-platform"]
[debug] [2025-06-16T21:39:56.360Z] > authorizing via signed-in user (kang0493@umn.edu)
[debug] [2025-06-16T21:39:56.360Z] [iam] checking project sofa-288dc for permissions ["cloudfunctions.functions.create","cloudfunctions.functions.delete","cloudfunctions.functions.get","cloudfunctions.functions.list","cloudfunctions.functions.update","cloudfunctions.operations.get","firebase.projects.get"]
[debug] [2025-06-16T21:39:56.360Z] Checked if tokens are valid: true, expires at: 1750113102712
[debug] [2025-06-16T21:39:56.360Z] Checked if tokens are valid: true, expires at: 1750113102712
[debug] [2025-06-16T21:39:56.361Z] >>> [apiv2][query] POST https://cloudresourcemanager.googleapis.com/v1/projects/sofa-288dc:testIamPermissions [none]
[debug] [2025-06-16T21:39:56.361Z] >>> [apiv2][(partial)header] POST https://cloudresourcemanager.googleapis.com/v1/projects/sofa-288dc:testIamPermissions x-goog-quota-user=projects/sofa-288dc
[debug] [2025-06-16T21:39:56.361Z] >>> [apiv2][body] POST https://cloudresourcemanager.googleapis.com/v1/projects/sofa-288dc:testIamPermissions {"permissions":["cloudfunctions.functions.create","cloudfunctions.functions.delete","cloudfunctions.functions.get","cloudfunctions.functions.list","cloudfunctions.functions.update","cloudfunctions.operations.get","firebase.projects.get"]}
[debug] [2025-06-16T21:39:56.571Z] <<< [apiv2][status] POST https://cloudresourcemanager.googleapis.com/v1/projects/sofa-288dc:testIamPermissions 200
[debug] [2025-06-16T21:39:56.571Z] <<< [apiv2][body] POST https://cloudresourcemanager.googleapis.com/v1/projects/sofa-288dc:testIamPermissions {"permissions":["cloudfunctions.functions.create","cloudfunctions.functions.delete","cloudfunctions.functions.get","cloudfunctions.functions.list","cloudfunctions.functions.update","cloudfunctions.operations.get","firebase.projects.get"]}
[debug] [2025-06-16T21:39:56.571Z] Checked if tokens are valid: true, expires at: 1750113102712
[debug] [2025-06-16T21:39:56.571Z] Checked if tokens are valid: true, expires at: 1750113102712
[debug] [2025-06-16T21:39:56.571Z] >>> [apiv2][query] POST https://iam.googleapis.com/v1/projects/sofa-288dc/serviceAccounts/sofa-288dc@appspot.gserviceaccount.com:testIamPermissions [none]
[debug] [2025-06-16T21:39:56.571Z] >>> [apiv2][body] POST https://iam.googleapis.com/v1/projects/sofa-288dc/serviceAccounts/sofa-288dc@appspot.gserviceaccount.com:testIamPermissions {"permissions":["iam.serviceAccounts.actAs"]}
[debug] [2025-06-16T21:39:56.823Z] <<< [apiv2][status] POST https://iam.googleapis.com/v1/projects/sofa-288dc/serviceAccounts/sofa-288dc@appspot.gserviceaccount.com:testIamPermissions 200
[debug] [2025-06-16T21:39:56.824Z] <<< [apiv2][body] POST https://iam.googleapis.com/v1/projects/sofa-288dc/serviceAccounts/sofa-288dc@appspot.gserviceaccount.com:testIamPermissions {"permissions":["iam.serviceAccounts.actAs"]}
[info] 
[info] === Deploying to 'sofa-288dc'...
[info] 
[info] i  deploying functions 
[info] Running command: npm --prefix "$RESOURCE_DIR" run lint
[info] Running command: npm --prefix "$RESOURCE_DIR" run build
[info] ✔  functions: Finished running predeploy script. 
[debug] [2025-06-16T21:39:58.421Z] Checked if tokens are valid: true, expires at: 1750113102712
[debug] [2025-06-16T21:39:58.421Z] Checked if tokens are valid: true, expires at: 1750113102712
[debug] [2025-06-16T21:39:58.421Z] >>> [apiv2][query] GET https://cloudresourcemanager.googleapis.com/v1/projects/sofa-288dc [none]
[debug] [2025-06-16T21:39:58.627Z] <<< [apiv2][status] GET https://cloudresourcemanager.googleapis.com/v1/projects/sofa-288dc 200
[debug] [2025-06-16T21:39:58.627Z] <<< [apiv2][body] GET https://cloudresourcemanager.googleapis.com/v1/projects/sofa-288dc {"projectNumber":"337883478548","projectId":"sofa-288dc","lifecycleState":"ACTIVE","name":"Sofa","labels":{"firebase":"enabled","firebase-core":"disabled"},"createTime":"2025-04-25T22:42:12.886320Z","parent":{"type":"organization","id":"551745389267"}}
[info] i  functions: preparing codebase default for deployment 
[info] i  functions: ensuring required API cloudfunctions.googleapis.com is enabled... 
[debug] [2025-06-16T21:39:58.628Z] Checked if tokens are valid: true, expires at: 1750113102712
[debug] [2025-06-16T21:39:58.628Z] Checked if tokens are valid: true, expires at: 1750113102712
[debug] [2025-06-16T21:39:58.628Z] Checked if tokens are valid: true, expires at: 1750113102712
[debug] [2025-06-16T21:39:58.629Z] Checked if tokens are valid: true, expires at: 1750113102712
[info] i  functions: ensuring required API cloudbuild.googleapis.com is enabled... 
[debug] [2025-06-16T21:39:58.629Z] Checked if tokens are valid: true, expires at: 1750113102712
[debug] [2025-06-16T21:39:58.629Z] Checked if tokens are valid: true, expires at: 1750113102712
[info] i  artifactregistry: ensuring required API artifactregistry.googleapis.com is enabled... 
[debug] [2025-06-16T21:39:58.629Z] Checked if tokens are valid: true, expires at: 1750113102712
[debug] [2025-06-16T21:39:58.629Z] Checked if tokens are valid: true, expires at: 1750113102712
[debug] [2025-06-16T21:39:58.629Z] >>> [apiv2][query] GET https://serviceusage.googleapis.com/v1/projects/sofa-288dc/services/cloudfunctions.googleapis.com [none]
[debug] [2025-06-16T21:39:58.629Z] >>> [apiv2][(partial)header] GET https://serviceusage.googleapis.com/v1/projects/sofa-288dc/services/cloudfunctions.googleapis.com x-goog-quota-user=projects/sofa-288dc
[debug] [2025-06-16T21:39:58.631Z] >>> [apiv2][query] GET https://serviceusage.googleapis.com/v1/projects/sofa-288dc/services/runtimeconfig.googleapis.com [none]
[debug] [2025-06-16T21:39:58.631Z] >>> [apiv2][(partial)header] GET https://serviceusage.googleapis.com/v1/projects/sofa-288dc/services/runtimeconfig.googleapis.com x-goog-quota-user=projects/sofa-288dc
[debug] [2025-06-16T21:39:58.633Z] >>> [apiv2][query] GET https://serviceusage.googleapis.com/v1/projects/sofa-288dc/services/cloudbuild.googleapis.com [none]
[debug] [2025-06-16T21:39:58.633Z] >>> [apiv2][(partial)header] GET https://serviceusage.googleapis.com/v1/projects/sofa-288dc/services/cloudbuild.googleapis.com x-goog-quota-user=projects/sofa-288dc
[debug] [2025-06-16T21:39:58.634Z] >>> [apiv2][query] GET https://serviceusage.googleapis.com/v1/projects/sofa-288dc/services/artifactregistry.googleapis.com [none]
[debug] [2025-06-16T21:39:58.634Z] >>> [apiv2][(partial)header] GET https://serviceusage.googleapis.com/v1/projects/sofa-288dc/services/artifactregistry.googleapis.com x-goog-quota-user=projects/sofa-288dc
[debug] [2025-06-16T21:39:59.003Z] <<< [apiv2][status] GET https://serviceusage.googleapis.com/v1/projects/sofa-288dc/services/runtimeconfig.googleapis.com 200
[debug] [2025-06-16T21:39:59.003Z] <<< [apiv2][body] GET https://serviceusage.googleapis.com/v1/projects/sofa-288dc/services/runtimeconfig.googleapis.com [omitted]
[debug] [2025-06-16T21:39:59.046Z] <<< [apiv2][status] GET https://serviceusage.googleapis.com/v1/projects/sofa-288dc/services/cloudbuild.googleapis.com 200
[debug] [2025-06-16T21:39:59.047Z] <<< [apiv2][body] GET https://serviceusage.googleapis.com/v1/projects/sofa-288dc/services/cloudbuild.googleapis.com [omitted]
[info] ✔  functions: required API cloudbuild.googleapis.com is enabled 
[debug] [2025-06-16T21:39:59.056Z] <<< [apiv2][status] GET https://serviceusage.googleapis.com/v1/projects/sofa-288dc/services/artifactregistry.googleapis.com 200
[debug] [2025-06-16T21:39:59.056Z] <<< [apiv2][body] GET https://serviceusage.googleapis.com/v1/projects/sofa-288dc/services/artifactregistry.googleapis.com [omitted]
[info] ✔  artifactregistry: required API artifactregistry.googleapis.com is enabled 
[debug] [2025-06-16T21:39:59.057Z] <<< [apiv2][status] GET https://serviceusage.googleapis.com/v1/projects/sofa-288dc/services/cloudfunctions.googleapis.com 200
[debug] [2025-06-16T21:39:59.057Z] <<< [apiv2][body] GET https://serviceusage.googleapis.com/v1/projects/sofa-288dc/services/cloudfunctions.googleapis.com [omitted]
[info] ✔  functions: required API cloudfunctions.googleapis.com is enabled 
[debug] [2025-06-16T21:39:59.058Z] Checked if tokens are valid: true, expires at: 1750113102712
[debug] [2025-06-16T21:39:59.058Z] Checked if tokens are valid: true, expires at: 1750113102712
[debug] [2025-06-16T21:39:59.058Z] >>> [apiv2][query] GET https://firebase.googleapis.com/v1beta1/projects/sofa-288dc/adminSdkConfig [none]
[debug] [2025-06-16T21:39:59.559Z] <<< [apiv2][status] GET https://firebase.googleapis.com/v1beta1/projects/sofa-288dc/adminSdkConfig 200
[debug] [2025-06-16T21:39:59.559Z] <<< [apiv2][body] GET https://firebase.googleapis.com/v1beta1/projects/sofa-288dc/adminSdkConfig {"projectId":"sofa-288dc","storageBucket":"sofa-288dc.firebasestorage.app"}
[debug] [2025-06-16T21:39:59.560Z] Checked if tokens are valid: true, expires at: 1750113102712
[debug] [2025-06-16T21:39:59.560Z] Checked if tokens are valid: true, expires at: 1750113102712
[debug] [2025-06-16T21:39:59.560Z] >>> [apiv2][query] GET https://runtimeconfig.googleapis.com/v1beta1/projects/sofa-288dc/configs [none]
[debug] [2025-06-16T21:39:59.794Z] <<< [apiv2][status] GET https://runtimeconfig.googleapis.com/v1beta1/projects/sofa-288dc/configs 200
[debug] [2025-06-16T21:39:59.795Z] <<< [apiv2][body] GET https://runtimeconfig.googleapis.com/v1beta1/projects/sofa-288dc/configs {"configs":[{"name":"projects/sofa-288dc/configs/email"}]}
[debug] [2025-06-16T21:39:59.795Z] Checked if tokens are valid: true, expires at: 1750113102712
[debug] [2025-06-16T21:39:59.795Z] Checked if tokens are valid: true, expires at: 1750113102712
[debug] [2025-06-16T21:39:59.795Z] >>> [apiv2][query] GET https://runtimeconfig.googleapis.com/v1beta1/projects/sofa-288dc/configs/email/variables [none]
[debug] [2025-06-16T21:39:59.996Z] <<< [apiv2][status] GET https://runtimeconfig.googleapis.com/v1beta1/projects/sofa-288dc/configs/email/variables 200
[debug] [2025-06-16T21:39:59.996Z] <<< [apiv2][body] GET https://runtimeconfig.googleapis.com/v1beta1/projects/sofa-288dc/configs/email/variables {"variables":[{"name":"projects/sofa-288dc/configs/email/variables/password","updateTime":"2025-06-16T21:05:51.646031889Z"},{"name":"projects/sofa-288dc/configs/email/variables/user","updateTime":"2025-06-16T21:05:50.939914327Z"}]}
[debug] [2025-06-16T21:39:59.997Z] Checked if tokens are valid: true, expires at: 1750113102712
[debug] [2025-06-16T21:39:59.997Z] Checked if tokens are valid: true, expires at: 1750113102712
[debug] [2025-06-16T21:39:59.997Z] Checked if tokens are valid: true, expires at: 1750113102712
[debug] [2025-06-16T21:39:59.997Z] Checked if tokens are valid: true, expires at: 1750113102712
[debug] [2025-06-16T21:39:59.997Z] >>> [apiv2][query] GET https://runtimeconfig.googleapis.com/v1beta1/projects/sofa-288dc/configs/email/variables/password [none]
[debug] [2025-06-16T21:40:00.000Z] >>> [apiv2][query] GET https://runtimeconfig.googleapis.com/v1beta1/projects/sofa-288dc/configs/email/variables/user [none]
[debug] [2025-06-16T21:40:00.230Z] <<< [apiv2][status] GET https://runtimeconfig.googleapis.com/v1beta1/projects/sofa-288dc/configs/email/variables/user 200
[debug] [2025-06-16T21:40:00.230Z] <<< [apiv2][body] GET https://runtimeconfig.googleapis.com/v1beta1/projects/sofa-288dc/configs/email/variables/user {"name":"projects/sofa-288dc/configs/email/variables/user","updateTime":"2025-06-16T21:05:50.939914327Z","text":"kang0493@umn.edu"}
[debug] [2025-06-16T21:40:00.335Z] <<< [apiv2][status] GET https://runtimeconfig.googleapis.com/v1beta1/projects/sofa-288dc/configs/email/variables/password 200
[debug] [2025-06-16T21:40:00.336Z] <<< [apiv2][body] GET https://runtimeconfig.googleapis.com/v1beta1/projects/sofa-288dc/configs/email/variables/password {"name":"projects/sofa-288dc/configs/email/variables/password","updateTime":"2025-06-16T21:05:51.646031889Z","text":"njwg baic fwdv vipr"}
[debug] [2025-06-16T21:40:00.338Z] Validating nodejs source
[warn] ⚠  functions: Runtime Node.js 18 was deprecated on 2025-04-30 and will be decommissioned on 2025-10-31, after which you will not be able to deploy without upgrading. Consider upgrading now to avoid disruption. See https://cloud.google.com/functions/docs/runtime-support for full details on the lifecycle policy 
[warn] ⚠  functions: package.json indicates an outdated version of firebase-functions. Please upgrade using npm install --save firebase-functions@latest in your functions directory. 
[warn] ⚠  functions: Please note that there will be breaking changes when you upgrade. 
[debug] [2025-06-16T21:40:00.766Z] > [functions] package.json contents: {
  "name": "functions",
  "description": "Cloud Functions for Firebase",
  "scripts": {
    "lint": "echo 'Lint check passed'",
    "build": "tsc",
    "build:watch": "tsc --watch",
    "serve": "npm run build && firebase emulators:start --only functions",
    "shell": "npm run build && firebase functions:shell",
    "start": "npm run shell",
    "deploy": "firebase deploy --only functions",
    "logs": "firebase functions:log"
  },
  "engines": {
    "node": "18"
  },
  "main": "lib/index.js",
  "dependencies": {
    "firebase-admin": "^12.0.0",
    "firebase-functions": "^5.0.0",
    "nodemailer": "^6.9.13"
  },
  "devDependencies": {
    "@types/node": "^20.0.0",
    "@types/nodemailer": "^6.4.14",
    "@typescript-eslint/eslint-plugin": "^6.0.0",
    "@typescript-eslint/parser": "^6.0.0",
    "eslint": "^8.57.0",
    "eslint-config-google": "^0.14.0",
    "eslint-plugin-import": "^2.29.0",
    "firebase-functions-test": "^3.1.0",
    "typescript": "^5.0.0"
  },
  "private": true
}
[debug] [2025-06-16T21:40:00.766Z] Building nodejs source
[info] i  functions: Loading and analyzing source code for codebase default to determine what to deploy 
[debug] [2025-06-16T21:40:00.767Z] Could not find functions.yaml. Must use http discovery
[debug] [2025-06-16T21:40:00.772Z] Found firebase-functions binary at '/Users/taehoonkang/Desktop/Sofa/frontend/functions/node_modules/.bin/firebase-functions'
[info] Serving at port 8053

[debug] [2025-06-16T21:40:01.090Z] Got response from /__/functions.yaml {"endpoints":{"processEmailQueue":{"availableMemoryMb":null,"timeoutSeconds":null,"minInstances":null,"maxInstances":null,"ingressSettings":null,"concurrency":null,"serviceAccountEmail":null,"vpc":null,"platform":"gcfv2","labels":{},"eventTrigger":{"eventType":"google.cloud.firestore.document.v1.created","eventFilters":{"database":"(default)","namespace":"(default)"},"eventFilterPathPatterns":{"document":"emailQueue/{emailId}"},"retry":false},"entryPoint":"processEmailQueue"},"cleanupEmailQueue":{"availableMemoryMb":null,"timeoutSeconds":null,"minInstances":null,"maxInstances":null,"ingressSettings":null,"concurrency":null,"serviceAccountEmail":null,"vpc":null,"platform":"gcfv2","labels":{},"scheduleTrigger":{"schedule":"every 24 hours","retryConfig":{"retryCount":null,"maxDoublings":null,"maxRetrySeconds":null,"minBackoffSeconds":null,"maxBackoffSeconds":null},"timeZone":null},"entryPoint":"cleanupEmailQueue"}},"specVersion":"v1alpha1","requiredAPIs":[{"api":"cloudscheduler.googleapis.com","reason":"Needed for scheduled functions."}],"extensions":{}}
[info] i  extensions: ensuring required API firebaseextensions.googleapis.com is enabled... 
[debug] [2025-06-16T21:40:01.106Z] Checked if tokens are valid: true, expires at: 1750113102712
[debug] [2025-06-16T21:40:01.106Z] Checked if tokens are valid: true, expires at: 1750113102712
[debug] [2025-06-16T21:40:01.106Z] >>> [apiv2][query] GET https://serviceusage.googleapis.com/v1/projects/sofa-288dc/services/firebaseextensions.googleapis.com [none]
[debug] [2025-06-16T21:40:01.106Z] >>> [apiv2][(partial)header] GET https://serviceusage.googleapis.com/v1/projects/sofa-288dc/services/firebaseextensions.googleapis.com x-goog-quota-user=projects/sofa-288dc
[debug] [2025-06-16T21:40:01.487Z] <<< [apiv2][status] GET https://serviceusage.googleapis.com/v1/projects/sofa-288dc/services/firebaseextensions.googleapis.com 200
[debug] [2025-06-16T21:40:01.487Z] <<< [apiv2][body] GET https://serviceusage.googleapis.com/v1/projects/sofa-288dc/services/firebaseextensions.googleapis.com [omitted]
[info] ✔  extensions: required API firebaseextensions.googleapis.com is enabled 
[debug] [2025-06-16T21:40:01.487Z] > command requires scopes: ["email","openid","https://www.googleapis.com/auth/cloudplatformprojects.readonly","https://www.googleapis.com/auth/firebase","https://www.googleapis.com/auth/cloud-platform"]
[debug] [2025-06-16T21:40:01.488Z] > authorizing via signed-in user (kang0493@umn.edu)
[debug] [2025-06-16T21:40:01.488Z] [iam] checking project sofa-288dc for permissions ["firebase.projects.get","firebaseextensions.instances.list"]
[debug] [2025-06-16T21:40:01.488Z] Checked if tokens are valid: true, expires at: 1750113102712
[debug] [2025-06-16T21:40:01.488Z] Checked if tokens are valid: true, expires at: 1750113102712
[debug] [2025-06-16T21:40:01.488Z] >>> [apiv2][query] POST https://cloudresourcemanager.googleapis.com/v1/projects/sofa-288dc:testIamPermissions [none]
[debug] [2025-06-16T21:40:01.488Z] >>> [apiv2][(partial)header] POST https://cloudresourcemanager.googleapis.com/v1/projects/sofa-288dc:testIamPermissions x-goog-quota-user=projects/sofa-288dc
[debug] [2025-06-16T21:40:01.488Z] >>> [apiv2][body] POST https://cloudresourcemanager.googleapis.com/v1/projects/sofa-288dc:testIamPermissions {"permissions":["firebase.projects.get","firebaseextensions.instances.list"]}
[debug] [2025-06-16T21:40:01.650Z] <<< [apiv2][status] POST https://cloudresourcemanager.googleapis.com/v1/projects/sofa-288dc:testIamPermissions 200
[debug] [2025-06-16T21:40:01.651Z] <<< [apiv2][body] POST https://cloudresourcemanager.googleapis.com/v1/projects/sofa-288dc:testIamPermissions {"permissions":["firebase.projects.get","firebaseextensions.instances.list"]}
[debug] [2025-06-16T21:40:01.651Z] Checked if tokens are valid: true, expires at: 1750113102712
[debug] [2025-06-16T21:40:01.651Z] Checked if tokens are valid: true, expires at: 1750113102712
[debug] [2025-06-16T21:40:01.653Z] >>> [apiv2][query] GET https://firebaseextensions.googleapis.com/v1beta/projects/sofa-288dc/instances pageSize=100&pageToken=
[debug] [2025-06-16T21:40:02.008Z] <<< [apiv2][status] GET https://firebaseextensions.googleapis.com/v1beta/projects/sofa-288dc/instances 200
[debug] [2025-06-16T21:40:02.008Z] <<< [apiv2][body] GET https://firebaseextensions.googleapis.com/v1beta/projects/sofa-288dc/instances {}
[info] i  functions: preparing functions directory for uploading... 
[info] i  functions: packaged /Users/taehoonkang/Desktop/Sofa/frontend/functions (99.44 KB) for uploading 
[debug] [2025-06-16T21:40:02.049Z] Checked if tokens are valid: true, expires at: 1750113102712
[debug] [2025-06-16T21:40:02.049Z] Checked if tokens are valid: true, expires at: 1750113102712
[debug] [2025-06-16T21:40:02.049Z] >>> [apiv2][query] GET https://cloudfunctions.googleapis.com/v1/projects/sofa-288dc/locations/-/functions [none]
[debug] [2025-06-16T21:40:02.672Z] <<< [apiv2][status] GET https://cloudfunctions.googleapis.com/v1/projects/sofa-288dc/locations/-/functions 200
[debug] [2025-06-16T21:40:02.672Z] <<< [apiv2][body] GET https://cloudfunctions.googleapis.com/v1/projects/sofa-288dc/locations/-/functions {}
[debug] [2025-06-16T21:40:02.672Z] Checked if tokens are valid: true, expires at: 1750113102712
[debug] [2025-06-16T21:40:02.672Z] Checked if tokens are valid: true, expires at: 1750113102712
[debug] [2025-06-16T21:40:02.672Z] >>> [apiv2][query] GET https://cloudfunctions.googleapis.com/v2/projects/sofa-288dc/locations/-/functions filter=environment%3D%22GEN_2%22
